auth-lib/build/outputs/logs/manifest-merger-debug-report.txt
-- Merging decision tree log ---
manifest
ADDED from src\main\AndroidManifest.xml:24:1-54:12
INJECTED from src\main\AndroidManifest.xml:24:1-54:12
INJECTED from src\main\AndroidManifest.xml:24:1-54:12
INJECTED from src\main\AndroidManifest.xml:24:1-54:12
INJECTED from src\main\AndroidManifest.xml:24:1-54:12
INJECTED from src\main\AndroidManifest.xml:24:1-54:12
INJECTED from src\main\AndroidManifest.xml:24:1-54:12
	package
		ADDED from src\main\AndroidManifest.xml:24:11-59
		INJECTED from src\main\AndroidManifest.xml
		INJECTED from src\main\AndroidManifest.xml
	android:versionName
		INJECTED from src\main\AndroidManifest.xml
		ADDED from src\main\AndroidManifest.xml:24:1-54:12
		INJECTED from src\main\AndroidManifest.xml
	android:versionCode
		INJECTED from src\main\AndroidManifest.xml
		ADDED from src\main\AndroidManifest.xml:24:1-54:12
		INJECTED from src\main\AndroidManifest.xml
	xmlns:android
		ADDED from src\main\AndroidManifest.xml:25:11-69
uses-permission#android.permission.INTERNET
ADDED from src\main\AndroidManifest.xml:27:5-66
	android:name
		ADDED from src\main\AndroidManifest.xml:27:22-64
application
ADDED from src\main\AndroidManifest.xml:29:5-52:19
activity#com.spotify.sdk.android.authentication.AuthCallbackActivity
ADDED from src\main\AndroidManifest.xml:30:9-44:20
	android:exported
		ADDED from src\main\AndroidManifest.xml:31:13-36
	android:theme
		ADDED from src\main\AndroidManifest.xml:33:13-72
	android:name
		ADDED from src\main\AndroidManifest.xml:32:13-87
intent-filter#android.intent.action.VIEW+android.intent.category.BROWSABLE+android.intent.category.DEFAULT
ADDED from src\main\AndroidManifest.xml:34:13-43:29
action#android.intent.action.VIEW
ADDED from src\main\AndroidManifest.xml:36:17-68
	android:name
		ADDED from src\main\AndroidManifest.xml:36:25-66
category#android.intent.category.DEFAULT
ADDED from src\main\AndroidManifest.xml:37:17-75
	android:name
		ADDED from src\main\AndroidManifest.xml:37:27-73
category#android.intent.category.BROWSABLE
ADDED from src\main\AndroidManifest.xml:38:17-77
	android:name
		ADDED from src\main\AndroidManifest.xml:38:27-75
data
ADDED from src\main\AndroidManifest.xml:40:17-42:75
	android:host
		ADDED from src\main\AndroidManifest.xml:42:21-73
	android:scheme
		ADDED from src\main\AndroidManifest.xml:41:21-77
activity#com.spotify.sdk.android.authentication.LoginActivity
ADDED from src\main\AndroidManifest.xml:46:9-50:20
	android:launchMode
		ADDED from src\main\AndroidManifest.xml:47:13-48
	android:theme
		ADDED from src\main\AndroidManifest.xml:49:13-72
	android:name
		ADDED from src\main\AndroidManifest.xml:48:13-80
uses-sdk
INJECTED from src\main\AndroidManifest.xml reason: use-sdk injection requested
INJECTED from src\main\AndroidManifest.xml
INJECTED from src\main\AndroidManifest.xml
INJECTED from src\main\AndroidManifest.xml
INJECTED from src\main\AndroidManifest.xml
	android:targetSdkVersion
		INJECTED from src\main\AndroidManifest.xml
		ADDED from src\main\AndroidManifest.xml
		INJECTED from src\main\AndroidManifest.xml
	android:minSdkVersion
		INJECTED from src\main\AndroidManifest.xml
		ADDED from src\main\AndroidManifest.xml
		INJECTED from src\main\AndroidManifest.xml